<?xml version="1.0" encoding="UTF-8"?>
<!-- Generated by org.testng.reporters.JUnitXMLReporter -->
<testsuite hostname="Pratik-PC" ignored="0" name="Default test" tests="5" failures="0" timestamp="30 Mar 2019 15:51:02 GMT" time="49.475" errors="0">
  <testcase name="CompleteRegistration" time="1.788" classname="com.qa.megento.test.RegistrationPageTest"/>
  <testcase name="CompleteRegistration" time="1.744" classname="com.qa.megento.test.RegistrationPageTest"/>
  <testcase name="CompleteRegistration" time="1.658" classname="com.qa.megento.test.RegistrationPageTest"/>
  <testcase name="CompleteRegistration" time="1.742" classname="com.qa.megento.test.RegistrationPageTest"/>
  <testcase name="VerifyRegistrationLabel" time="0.097" classname="com.qa.megento.test.RegistrationPageTest"/>
</testsuite> <!-- Default test -->
