<?xml version="1.0" encoding="UTF-8"?>
<testng-results skipped="0" failed="0" ignored="0" total="5" passed="5">
  <reporter-output>
  </reporter-output>
  <suite name="Default suite" duration-ms="49475" started-at="2019-03-30T15:50:13Z" finished-at="2019-03-30T15:51:02Z">
    <groups>
    </groups>
    <test name="Default test" duration-ms="49475" started-at="2019-03-30T15:50:13Z" finished-at="2019-03-30T15:51:02Z">
      <class name="com.qa.megento.test.RegistrationPageTest">
        <test-method status="PASS" signature="set_up()[pri:0, instance:com.qa.megento.test.RegistrationPageTest@59f99ea]" name="set_up" is-config="true" duration-ms="8394" started-at="2019-03-30T15:50:14Z" finished-at="2019-03-30T15:50:22Z">
          <reporter-output>
          </reporter-output>
        </test-method> <!-- set_up -->
        <test-method status="PASS" signature="CompleteRegistration(java.lang.String, java.lang.String, java.lang.String, java.lang.String, java.lang.String)[pri:0, instance:com.qa.megento.test.RegistrationPageTest@59f99ea]" name="CompleteRegistration" duration-ms="1788" started-at="2019-03-30T15:50:22Z" data-provider="getRegistrationData" finished-at="2019-03-30T15:50:24Z">
          <params>
            <param index="0">
              <value>
                <![CDATA[hardik]]>
              </value>
            </param>
            <param index="1">
              <value>
                <![CDATA[joshi]]>
              </value>
            </param>
            <param index="2">
              <value>
                <![CDATA[hj@gmail.com]]>
              </value>
            </param>
            <param index="3">
              <value>
                <![CDATA[hjoshi@123]]>
              </value>
            </param>
            <param index="4">
              <value>
                <![CDATA[hjoshi@123]]>
              </value>
            </param>
          </params>
          <reporter-output>
          </reporter-output>
        </test-method> <!-- CompleteRegistration -->
        <test-method status="PASS" signature="tear_down()[pri:0, instance:com.qa.megento.test.RegistrationPageTest@59f99ea]" name="tear_down" is-config="true" duration-ms="629" started-at="2019-03-30T15:50:24Z" finished-at="2019-03-30T15:50:24Z">
          <reporter-output>
          </reporter-output>
        </test-method> <!-- tear_down -->
        <test-method status="PASS" signature="set_up()[pri:0, instance:com.qa.megento.test.RegistrationPageTest@59f99ea]" name="set_up" is-config="true" duration-ms="7381" started-at="2019-03-30T15:50:24Z" finished-at="2019-03-30T15:50:32Z">
          <reporter-output>
          </reporter-output>
        </test-method> <!-- set_up -->
        <test-method status="PASS" signature="CompleteRegistration(java.lang.String, java.lang.String, java.lang.String, java.lang.String, java.lang.String)[pri:0, instance:com.qa.megento.test.RegistrationPageTest@59f99ea]" name="CompleteRegistration" duration-ms="1744" started-at="2019-03-30T15:50:32Z" data-provider="getRegistrationData" finished-at="2019-03-30T15:50:33Z">
          <params>
            <param index="0">
              <value>
                <![CDATA[vaishali]]>
              </value>
            </param>
            <param index="1">
              <value>
                <![CDATA[joshi]]>
              </value>
            </param>
            <param index="2">
              <value>
                <![CDATA[vj@gmail.com]]>
              </value>
            </param>
            <param index="3">
              <value>
                <![CDATA[vjoshi@123]]>
              </value>
            </param>
            <param index="4">
              <value>
                <![CDATA[vjoshi@123]]>
              </value>
            </param>
          </params>
          <reporter-output>
          </reporter-output>
        </test-method> <!-- CompleteRegistration -->
        <test-method status="PASS" signature="tear_down()[pri:0, instance:com.qa.megento.test.RegistrationPageTest@59f99ea]" name="tear_down" is-config="true" duration-ms="619" started-at="2019-03-30T15:50:33Z" finished-at="2019-03-30T15:50:34Z">
          <reporter-output>
          </reporter-output>
        </test-method> <!-- tear_down -->
        <test-method status="PASS" signature="set_up()[pri:0, instance:com.qa.megento.test.RegistrationPageTest@59f99ea]" name="set_up" is-config="true" duration-ms="7314" started-at="2019-03-30T15:50:34Z" finished-at="2019-03-30T15:50:41Z">
          <reporter-output>
          </reporter-output>
        </test-method> <!-- set_up -->
        <test-method status="PASS" signature="CompleteRegistration(java.lang.String, java.lang.String, java.lang.String, java.lang.String, java.lang.String)[pri:0, instance:com.qa.megento.test.RegistrationPageTest@59f99ea]" name="CompleteRegistration" duration-ms="1658" started-at="2019-03-30T15:50:41Z" data-provider="getRegistrationData" finished-at="2019-03-30T15:50:43Z">
          <params>
            <param index="0">
              <value>
                <![CDATA[rivan]]>
              </value>
            </param>
            <param index="1">
              <value>
                <![CDATA[joshi]]>
              </value>
            </param>
            <param index="2">
              <value>
                <![CDATA[rj@gmail.com]]>
              </value>
            </param>
            <param index="3">
              <value>
                <![CDATA[rjoshi@123]]>
              </value>
            </param>
            <param index="4">
              <value>
                <![CDATA[rjoshi@123]]>
              </value>
            </param>
          </params>
          <reporter-output>
          </reporter-output>
        </test-method> <!-- CompleteRegistration -->
        <test-method status="PASS" signature="tear_down()[pri:0, instance:com.qa.megento.test.RegistrationPageTest@59f99ea]" name="tear_down" is-config="true" duration-ms="618" started-at="2019-03-30T15:50:43Z" finished-at="2019-03-30T15:50:44Z">
          <reporter-output>
          </reporter-output>
        </test-method> <!-- tear_down -->
        <test-method status="PASS" signature="set_up()[pri:0, instance:com.qa.megento.test.RegistrationPageTest@59f99ea]" name="set_up" is-config="true" duration-ms="7426" started-at="2019-03-30T15:50:44Z" finished-at="2019-03-30T15:50:51Z">
          <reporter-output>
          </reporter-output>
        </test-method> <!-- set_up -->
        <test-method status="PASS" signature="CompleteRegistration(java.lang.String, java.lang.String, java.lang.String, java.lang.String, java.lang.String)[pri:0, instance:com.qa.megento.test.RegistrationPageTest@59f99ea]" name="CompleteRegistration" duration-ms="1742" started-at="2019-03-30T15:50:51Z" data-provider="getRegistrationData" finished-at="2019-03-30T15:50:53Z">
          <params>
            <param index="0">
              <value>
                <![CDATA[harsh]]>
              </value>
            </param>
            <param index="1">
              <value>
                <![CDATA[trivedi]]>
              </value>
            </param>
            <param index="2">
              <value>
                <![CDATA[ht@gmail.com]]>
              </value>
            </param>
            <param index="3">
              <value>
                <![CDATA[htrivedi@123]]>
              </value>
            </param>
            <param index="4">
              <value>
                <![CDATA[htrivedi@123]]>
              </value>
            </param>
          </params>
          <reporter-output>
          </reporter-output>
        </test-method> <!-- CompleteRegistration -->
        <test-method status="PASS" signature="tear_down()[pri:0, instance:com.qa.megento.test.RegistrationPageTest@59f99ea]" name="tear_down" is-config="true" duration-ms="619" started-at="2019-03-30T15:50:53Z" finished-at="2019-03-30T15:50:53Z">
          <reporter-output>
          </reporter-output>
        </test-method> <!-- tear_down -->
        <test-method status="PASS" signature="set_up()[pri:0, instance:com.qa.megento.test.RegistrationPageTest@59f99ea]" name="set_up" is-config="true" duration-ms="8171" started-at="2019-03-30T15:50:53Z" finished-at="2019-03-30T15:51:02Z">
          <reporter-output>
          </reporter-output>
        </test-method> <!-- set_up -->
        <test-method status="PASS" signature="VerifyRegistrationLabel()[pri:0, instance:com.qa.megento.test.RegistrationPageTest@59f99ea]" name="VerifyRegistrationLabel" duration-ms="97" started-at="2019-03-30T15:51:02Z" finished-at="2019-03-30T15:51:02Z">
          <reporter-output>
          </reporter-output>
        </test-method> <!-- VerifyRegistrationLabel -->
        <test-method status="PASS" signature="tear_down()[pri:0, instance:com.qa.megento.test.RegistrationPageTest@59f99ea]" name="tear_down" is-config="true" duration-ms="611" started-at="2019-03-30T15:51:02Z" finished-at="2019-03-30T15:51:02Z">
          <reporter-output>
          </reporter-output>
        </test-method> <!-- tear_down -->
      </class> <!-- com.qa.megento.test.RegistrationPageTest -->
    </test> <!-- Default test -->
  </suite> <!-- Default suite -->
</testng-results>
